#
# There is insufficient memory for the Java Runtime Environment to continue.
# Native memory allocation (mmap) failed to map 60817408 bytes for committing reserved memory.
# Possible reasons:
#   The system is out of physical RAM or swap space
#   The process is running with CompressedOops enabled, and the Java Heap may be blocking the growth of the native heap
# Possible solutions:
#   Reduce memory load on the system
#   Increase physical memory or swap space
#   Check if swap backing store is full
#   Decrease Java heap size (-Xmx/-Xms)
#   Decrease number of Java threads
#   Decrease Java thread stack sizes (-Xss)
#   Set larger code cache with -XX:ReservedCodeCacheSize=
# This output file may be truncated or incomplete.
#
#  Out of Memory Error (os_linux.cpp:2720), pid=17178, tid=17179
#
# JRE version:  (11.0.2+9) (build )
# Java VM: OpenJDK 64-Bit Server VM (11.0.2+9-Ubuntu-3ubuntu118.04.3, mixed mode, aot, sharing, tiered, compressed oops, g1 gc, linux-amd64)
# Core dump will be written. Default location: Core dumps may be processed with "/usr/share/apport/apport %p %s %c %d %P" (or dumping to /home/alberto/eclipse-workspace/blablakid/core.17178)
#

---------------  S U M M A R Y ------------

Command Line: -javaagent:/home/alberto/Escritorio/eclipse/configuration/org.eclipse.osgi/915/0/.cp/jacocoagent.jar=includes=*,excludes=,exclclassloader=sun.reflect.DelegatingClassLoader,output=tcpclient,port=43163 -ea -Dfile.encoding=UTF-8 org.eclipse.jdt.internal.junit.runner.RemoteTestRunner -version 3 -port 33839 -testLoaderClass org.eclipse.jdt.internal.junit4.runner.JUnit4TestLoader -loaderpluginname org.eclipse.jdt.junit4.runtime -classNames es.unileon.prg1.blablakid.AllTests

Host: Intel(R) Core(TM) i7-8750H CPU @ 2.20GHz, 2 cores, 3G, Ubuntu 18.04.2 LTS
Time: Sat May 11 12:23:12 2019 CEST elapsed time: 0 seconds (0d 0h 0m 0s)

---------------  T H R E A D  ---------------

Current thread (0x00007f9000013800):  JavaThread "Unknown thread" [_thread_in_vm, id=17179, stack(0x00007f9009750000,0x00007f9009851000)]

Stack: [0x00007f9009750000,0x00007f9009851000],  sp=0x00007f900984f2b0,  free space=1020k
Native frames: (J=compiled Java code, A=aot compiled Java code, j=interpreted, Vv=VM code, C=native code)
V  [libjvm.so+0xde4a77]
V  [libjvm.so+0xde56cb]
V  [libjvm.so+0x65c115]
V  [libjvm.so+0xbbfd58]
V  [libjvm.so+0xbb75ed]
V  [libjvm.so+0x773b5f]
V  [libjvm.so+0x773dce]
V  [libjvm.so+0x77fcf0]
V  [libjvm.so+0x7fa829]
V  [libjvm.so+0x7fb47f]
V  [libjvm.so+0x7fb909]
V  [libjvm.so+0x73917f]
V  [libjvm.so+0x73988d]
V  [libjvm.so+0xd9f0e2]
V  [libjvm.so+0xd9f376]
V  [libjvm.so+0x813827]
V  [libjvm.so+0xd7e0f7]
V  [libjvm.so+0x8cd641]  JNI_CreateJavaVM+0x51
C  [libjli.so+0x4816]
C  [libjli.so+0x900d]


---------------  P R O C E S S  ---------------

Threads class SMR info:
_java_thread_list=0x00005642bdb2a3f0, length=0, elements={
}

Java Threads: ( => current thread )

Other Threads:
  0x00007f9000029800 GCTaskThread "GC Thread#0" [stack: 0x00007f9005538000,0x00007f9005638000] [id=17187]
  0x00007f9000042800 ConcurrentGCThread "G1 Main Marker" [stack: 0x00007f9004ce5000,0x00007f9004de5000] [id=17188]
  0x00007f9000044800 ConcurrentGCThread "G1 Conc#0" [stack: 0x00007f9004be3000,0x00007f9004ce3000] [id=17189]

[error occurred during error reporting (printing all threads), id 0xb, SIGSEGV (0xb) at pc=0x00007f9007d39a20]

VM state:not at safepoint (not fully initialized)

VM Mutex/Monitor currently owned by a thread:  ([mutex/lock_event])
[0x00007f900000ff50] Heap_lock - owner thread: 0x00007f9000013800

Heap address: 0x00000000c7600000, size: 906 MB, Compressed Oops mode: Non-zero based: 0x00000000c7600000
Narrow klass base: 0x0000000000000000, Narrow klass shift: 0

GC Heap History (0 events):
No events

Deoptimization events (0 events):
No events

Classes redefined (0 events):
No events

Internal exceptions (0 events):
No events

Events (0 events):
No events


Dynamic libraries:
cb000000-100000000 ---p 00000000 00:00 0 
5642bccff000-5642bcd00000 r-xp 00000000 08:01 393588                     /usr/lib/jvm/java-11-openjdk-amd64/bin/java
5642bcf00000-5642bcf01000 r--p 00001000 08:01 393588                     /usr/lib/jvm/java-11-openjdk-amd64/bin/java
5642bcf01000-5642bcf02000 rw-p 00002000 08:01 393588                     /usr/lib/jvm/java-11-openjdk-amd64/bin/java
5642bdb12000-5642bdb33000 rw-p 00000000 00:00 0                          [heap]
7f8fd4000000-7f8fd4021000 rw-p 00000000 00:00 0 
7f8fd4021000-7f8fd8000000 ---p 00000000 00:00 0 
7f8fdc000000-7f8fdc021000 rw-p 00000000 00:00 0 
7f8fdc021000-7f8fe0000000 ---p 00000000 00:00 0 
7f8fe03b0000-7f8fe23b0000 rw-p 00000000 00:00 0 
7f8fe23b0000-7f8fe4000000 ---p 00000000 00:00 0 
7f8fe4000000-7f8fe4021000 rw-p 00000000 00:00 0 
7f8fe4021000-7f8fe8000000 ---p 00000000 00:00 0 
7f8fe8988000-7f8fe8bf8000 rwxp 00000000 00:00 0 
7f8fe8bf8000-7f8fe8f17000 ---p 00000000 00:00 0 
7f8fe8f17000-7f8fe9187000 rwxp 00000000 00:00 0 
7f8fe9187000-7f8ff044f000 ---p 00000000 00:00 0 
7f8ff044f000-7f8ff06bf000 rwxp 00000000 00:00 0 
7f8ff06bf000-7f8ff7988000 ---p 00000000 00:00 0 
7f8ff7988000-7f9000000000 r--s 00000000 08:01 393670                     /usr/lib/jvm/java-11-openjdk-amd64/lib/modules
7f9000000000-7f9000057000 rw-p 00000000 00:00 0 
7f9000057000-7f9004000000 ---p 00000000 00:00 0 
7f90049df000-7f9004be1000 rw-p 00000000 00:00 0 
7f9004be1000-7f9004be2000 ---p 00000000 00:00 0 
7f9004be2000-7f9004ce3000 rw-p 00000000 00:00 0 
7f9004ce3000-7f9004ce4000 ---p 00000000 00:00 0 
7f9004ce4000-7f9004de5000 rw-p 00000000 00:00 0 
7f9004de5000-7f9005334000 ---p 00000000 00:00 0 
7f9005334000-7f9005536000 rw-p 00000000 00:00 0 
7f9005536000-7f9005537000 ---p 00000000 00:00 0 
7f9005537000-7f900563d000 rw-p 00000000 00:00 0 
7f900563d000-7f9005723000 ---p 00000000 00:00 0 
7f9005723000-7f9005728000 rw-p 00000000 00:00 0 
7f9005728000-7f900580e000 ---p 00000000 00:00 0 
7f900580e000-7f9005813000 r-xp 00000000 08:01 393652                     /usr/lib/jvm/java-11-openjdk-amd64/lib/libjimage.so
7f9005813000-7f9005a12000 ---p 00005000 08:01 393652                     /usr/lib/jvm/java-11-openjdk-amd64/lib/libjimage.so
7f9005a12000-7f9005a13000 r--p 00004000 08:01 393652                     /usr/lib/jvm/java-11-openjdk-amd64/lib/libjimage.so
7f9005a13000-7f9005a14000 rw-p 00005000 08:01 393652                     /usr/lib/jvm/java-11-openjdk-amd64/lib/libjimage.so
7f9005a14000-7f9005a1b000 r-xp 00000000 08:01 393669                     /usr/lib/jvm/java-11-openjdk-amd64/lib/libzip.so
7f9005a1b000-7f9005c1a000 ---p 00007000 08:01 393669                     /usr/lib/jvm/java-11-openjdk-amd64/lib/libzip.so
7f9005c1a000-7f9005c1b000 r--p 00006000 08:01 393669                     /usr/lib/jvm/java-11-openjdk-amd64/lib/libzip.so
7f9005c1b000-7f9005c1c000 rw-p 00007000 08:01 393669                     /usr/lib/jvm/java-11-openjdk-amd64/lib/libzip.so
7f9005c1c000-7f9005c27000 r-xp 00000000 08:01 269106                     /lib/x86_64-linux-gnu/libnss_files-2.27.so
7f9005c27000-7f9005e26000 ---p 0000b000 08:01 269106                     /lib/x86_64-linux-gnu/libnss_files-2.27.so
7f9005e26000-7f9005e27000 r--p 0000a000 08:01 269106                     /lib/x86_64-linux-gnu/libnss_files-2.27.so
7f9005e27000-7f9005e28000 rw-p 0000b000 08:01 269106                     /lib/x86_64-linux-gnu/libnss_files-2.27.so
7f9005e28000-7f9005e2e000 rw-p 00000000 00:00 0 
7f9005e2e000-7f9005e45000 r-xp 00000000 08:01 269100                     /lib/x86_64-linux-gnu/libnsl-2.27.so
7f9005e45000-7f9006044000 ---p 00017000 08:01 269100                     /lib/x86_64-linux-gnu/libnsl-2.27.so
7f9006044000-7f9006045000 r--p 00016000 08:01 269100                     /lib/x86_64-linux-gnu/libnsl-2.27.so
7f9006045000-7f9006046000 rw-p 00017000 08:01 269100                     /lib/x86_64-linux-gnu/libnsl-2.27.so
7f9006046000-7f9006048000 rw-p 00000000 00:00 0 
7f9006048000-7f9006053000 r-xp 00000000 08:01 269117                     /lib/x86_64-linux-gnu/libnss_nis-2.27.so
7f9006053000-7f9006252000 ---p 0000b000 08:01 269117                     /lib/x86_64-linux-gnu/libnss_nis-2.27.so
7f9006252000-7f9006253000 r--p 0000a000 08:01 269117                     /lib/x86_64-linux-gnu/libnss_nis-2.27.so
7f9006253000-7f9006254000 rw-p 0000b000 08:01 269117                     /lib/x86_64-linux-gnu/libnss_nis-2.27.so
7f9006254000-7f900625c000 r-xp 00000000 08:01 269102                     /lib/x86_64-linux-gnu/libnss_compat-2.27.so
7f900625c000-7f900645c000 ---p 00008000 08:01 269102                     /lib/x86_64-linux-gnu/libnss_compat-2.27.so
7f900645c000-7f900645d000 r--p 00008000 08:01 269102                     /lib/x86_64-linux-gnu/libnss_compat-2.27.so
7f900645d000-7f900645e000 rw-p 00009000 08:01 269102                     /lib/x86_64-linux-gnu/libnss_compat-2.27.so
7f900645e000-7f9006468000 r-xp 00000000 08:01 393643                     /usr/lib/jvm/java-11-openjdk-amd64/lib/libinstrument.so
7f9006468000-7f9006667000 ---p 0000a000 08:01 393643                     /usr/lib/jvm/java-11-openjdk-amd64/lib/libinstrument.so
7f9006667000-7f9006668000 r--p 00009000 08:01 393643                     /usr/lib/jvm/java-11-openjdk-amd64/lib/libinstrument.so
7f9006668000-7f9006669000 rw-p 0000a000 08:01 393643                     /usr/lib/jvm/java-11-openjdk-amd64/lib/libinstrument.so
7f9006669000-7f9006692000 r-xp 00000000 08:01 393648                     /usr/lib/jvm/java-11-openjdk-amd64/lib/libjava.so
7f9006692000-7f9006891000 ---p 00029000 08:01 393648                     /usr/lib/jvm/java-11-openjdk-amd64/lib/libjava.so
7f9006891000-7f9006892000 r--p 00028000 08:01 393648                     /usr/lib/jvm/java-11-openjdk-amd64/lib/libjava.so
7f9006892000-7f9006894000 rw-p 00029000 08:01 393648                     /usr/lib/jvm/java-11-openjdk-amd64/lib/libjava.so
7f9006894000-7f90068a1000 r-xp 00000000 08:01 393668                     /usr/lib/jvm/java-11-openjdk-amd64/lib/libverify.so
7f90068a1000-7f9006aa0000 ---p 0000d000 08:01 393668                     /usr/lib/jvm/java-11-openjdk-amd64/lib/libverify.so
7f9006aa0000-7f9006aa2000 r--p 0000c000 08:01 393668                     /usr/lib/jvm/java-11-openjdk-amd64/lib/libverify.so
7f9006aa2000-7f9006aa3000 rw-p 0000e000 08:01 393668                     /usr/lib/jvm/java-11-openjdk-amd64/lib/libverify.so
7f9006aa3000-7f9006aaa000 r-xp 00000000 08:01 269157                     /lib/x86_64-linux-gnu/librt-2.27.so
7f9006aaa000-7f9006ca9000 ---p 00007000 08:01 269157                     /lib/x86_64-linux-gnu/librt-2.27.so
7f9006ca9000-7f9006caa000 r--p 00006000 08:01 269157                     /lib/x86_64-linux-gnu/librt-2.27.so
7f9006caa000-7f9006cab000 rw-p 00007000 08:01 269157                     /lib/x86_64-linux-gnu/librt-2.27.so
7f9006cab000-7f9006cc2000 r-xp 00000000 08:01 265005                     /lib/x86_64-linux-gnu/libgcc_s.so.1
7f9006cc2000-7f9006ec1000 ---p 00017000 08:01 265005                     /lib/x86_64-linux-gnu/libgcc_s.so.1
7f9006ec1000-7f9006ec2000 r--p 00016000 08:01 265005                     /lib/x86_64-linux-gnu/libgcc_s.so.1
7f9006ec2000-7f9006ec3000 rw-p 00017000 08:01 265005                     /lib/x86_64-linux-gnu/libgcc_s.so.1
7f9006ec3000-7f9007060000 r-xp 00000000 08:01 269079                     /lib/x86_64-linux-gnu/libm-2.27.so
7f9007060000-7f900725f000 ---p 0019d000 08:01 269079                     /lib/x86_64-linux-gnu/libm-2.27.so
7f900725f000-7f9007260000 r--p 0019c000 08:01 269079                     /lib/x86_64-linux-gnu/libm-2.27.so
7f9007260000-7f9007261000 rw-p 0019d000 08:01 269079                     /lib/x86_64-linux-gnu/libm-2.27.so
7f9007261000-7f90073da000 r-xp 00000000 08:01 6322                       /usr/lib/x86_64-linux-gnu/libstdc++.so.6.0.25
7f90073da000-7f90075da000 ---p 00179000 08:01 6322                       /usr/lib/x86_64-linux-gnu/libstdc++.so.6.0.25
7f90075da000-7f90075e4000 r--p 00179000 08:01 6322                       /usr/lib/x86_64-linux-gnu/libstdc++.so.6.0.25
7f90075e4000-7f90075e6000 rw-p 00183000 08:01 6322                       /usr/lib/x86_64-linux-gnu/libstdc++.so.6.0.25
7f90075e6000-7f90075ea000 rw-p 00000000 00:00 0 
7f90075ea000-7f90086b5000 r-xp 00000000 08:01 393673                     /usr/lib/jvm/java-11-openjdk-amd64/lib/server/libjvm.so
7f90086b5000-7f90088b4000 ---p 010cb000 08:01 393673                     /usr/lib/jvm/java-11-openjdk-amd64/lib/server/libjvm.so
7f90088b4000-7f9008971000 r--p 010ca000 08:01 393673                     /usr/lib/jvm/java-11-openjdk-amd64/lib/server/libjvm.so
7f9008971000-7f90089aa000 rw-p 01187000 08:01 393673                     /usr/lib/jvm/java-11-openjdk-amd64/lib/server/libjvm.so
7f90089aa000-7f9008a00000 rw-p 00000000 00:00 0 
7f9008a00000-7f9008a1a000 r-xp 00000000 08:01 269149                     /lib/x86_64-linux-gnu/libpthread-2.27.so
7f9008a1a000-7f9008c19000 ---p 0001a000 08:01 269149                     /lib/x86_64-linux-gnu/libpthread-2.27.so
7f9008c19000-7f9008c1a000 r--p 00019000 08:01 269149                     /lib/x86_64-linux-gnu/libpthread-2.27.so
7f9008c1a000-7f9008c1b000 rw-p 0001a000 08:01 269149                     /lib/x86_64-linux-gnu/libpthread-2.27.so
7f9008c1b000-7f9008c1f000 rw-p 00000000 00:00 0 
7f9008c1f000-7f9008c22000 r-xp 00000000 08:01 269039                     /lib/x86_64-linux-gnu/libdl-2.27.so
7f9008c22000-7f9008e21000 ---p 00003000 08:01 269039                     /lib/x86_64-linux-gnu/libdl-2.27.so
7f9008e21000-7f9008e22000 r--p 00002000 08:01 269039                     /lib/x86_64-linux-gnu/libdl-2.27.so
7f9008e22000-7f9008e23000 rw-p 00003000 08:01 269039                     /lib/x86_64-linux-gnu/libdl-2.27.so
7f9008e23000-7f9008e3f000 r-xp 00000000 08:01 269188                     /lib/x86_64-linux-gnu/libz.so.1.2.11
7f9008e3f000-7f900903e000 ---p 0001c000 08:01 269188                     /lib/x86_64-linux-gnu/libz.so.1.2.11
7f900903e000-7f900903f000 r--p 0001b000 08:01 269188                     /lib/x86_64-linux-gnu/libz.so.1.2.11
7f900903f000-7f9009040000 rw-p 0001c000 08:01 269188                     /lib/x86_64-linux-gnu/libz.so.1.2.11
7f9009040000-7f9009227000 r-xp 00000000 08:01 269016                     /lib/x86_64-linux-gnu/libc-2.27.so
7f9009227000-7f9009427000 ---p 001e7000 08:01 269016                     /lib/x86_64-linux-gnu/libc-2.27.so
7f9009427000-7f900942b000 r--p 001e7000 08:01 269016                     /lib/x86_64-linux-gnu/libc-2.27.so
7f900942b000-7f900942d000 rw-p 001eb000 08:01 269016                     /lib/x86_64-linux-gnu/libc-2.27.so
7f900942d000-7f9009431000 rw-p 00000000 00:00 0 
7f9009431000-7f9009440000 r-xp 00000000 08:01 393633                     /usr/lib/jvm/java-11-openjdk-amd64/lib/jli/libjli.so
7f9009440000-7f9009640000 ---p 0000f000 08:01 393633                     /usr/lib/jvm/java-11-openjdk-amd64/lib/jli/libjli.so
7f9009640000-7f9009641000 r--p 0000f000 08:01 393633                     /usr/lib/jvm/java-11-openjdk-amd64/lib/jli/libjli.so
7f9009641000-7f9009642000 rw-p 00010000 08:01 393633                     /usr/lib/jvm/java-11-openjdk-amd64/lib/jli/libjli.so
7f9009642000-7f9009669000 r-xp 00000000 08:01 268988                     /lib/x86_64-linux-gnu/ld-2.27.so
7f9009725000-7f9009749000 rw-p 00000000 00:00 0 
7f9009749000-7f9009750000 ---p 00000000 00:00 0 
7f9009750000-7f9009754000 ---p 00000000 00:00 0 
7f9009754000-7f9009853000 rw-p 00000000 00:00 0 
7f900985d000-7f9009865000 rw-s 00000000 08:01 25                         /tmp/hsperfdata_alberto/17178
7f9009865000-7f9009866000 ---p 00000000 00:00 0 
7f9009866000-7f9009867000 r--p 00000000 00:00 0 
7f9009867000-7f9009869000 rw-p 00000000 00:00 0 
7f9009869000-7f900986a000 r--p 00027000 08:01 268988                     /lib/x86_64-linux-gnu/ld-2.27.so
7f900986a000-7f900986b000 rw-p 00028000 08:01 268988                     /lib/x86_64-linux-gnu/ld-2.27.so
7f900986b000-7f900986c000 rw-p 00000000 00:00 0 
7ffdbda03000-7ffdbda24000 rw-p 00000000 00:00 0                          [stack]
7ffdbdb36000-7ffdbdb39000 r--p 00000000 00:00 0                          [vvar]
7ffdbdb39000-7ffdbdb3b000 r-xp 00000000 00:00 0                          [vdso]
ffffffffff600000-ffffffffff601000 r-xp 00000000 00:00 0                  [vsyscall]


VM Arguments:
jvm_args: -javaagent:/home/alberto/Escritorio/eclipse/configuration/org.eclipse.osgi/915/0/.cp/jacocoagent.jar=includes=*,excludes=,exclclassloader=sun.reflect.DelegatingClassLoader,output=tcpclient,port=43163 -ea -Dfile.encoding=UTF-8 
java_command: org.eclipse.jdt.internal.junit.runner.RemoteTestRunner -version 3 -port 33839 -testLoaderClass org.eclipse.jdt.internal.junit4.runner.JUnit4TestLoader -loaderpluginname org.eclipse.jdt.junit4.runtime -classNames es.unileon.prg1.blablakid.AllTests
java_class_path (initial): /home/alberto/eclipse-workspace/blablakid/bin:/home/alberto/eclipse-workspace/blablakid/lib/junit-4.8.2.jar:/home/alberto/eclipse-workspace/blablakid/lib/log4j-api-2.5.jar:/home/alberto/eclipse-workspace/blablakid/lib/log4j-core-2.5.jar:/home/alberto/Escritorio/eclipse/configuration/org.eclipse.osgi/688/0/.cp:/home/alberto/Escritorio/eclipse/configuration/org.eclipse.osgi/687/0/.cp
Launcher Type: SUN_STANDARD

[Global flags]
     intx CICompilerCount                          = 2                                         {product} {ergonomic}
     uint ConcGCThreads                            = 1                                         {product} {ergonomic}
     uint G1ConcRefinementThreads                  = 2                                         {product} {ergonomic}
   size_t G1HeapRegionSize                         = 1048576                                   {product} {ergonomic}
    uintx GCDrainStackTargetSize                   = 64                                        {product} {ergonomic}
   size_t InitialHeapSize                          = 60817408                                  {product} {ergonomic}
   size_t MarkStackSize                            = 4194304                                   {product} {ergonomic}
   size_t MaxHeapSize                              = 950009856                                 {product} {ergonomic}
   size_t MinHeapDeltaBytes                        = 1048576                                   {product} {ergonomic}
    uintx NonNMethodCodeHeapSize                   = 5824844                                {pd product} {ergonomic}
    uintx NonProfiledCodeHeapSize                  = 122916698                              {pd product} {ergonomic}
    uintx ProfiledCodeHeapSize                     = 122916698                              {pd product} {ergonomic}
    uintx ReservedCodeCacheSize                    = 251658240                              {pd product} {ergonomic}
     bool SegmentedCodeCache                       = true                                      {product} {ergonomic}
     bool UseCompressedClassPointers               = true                                 {lp64_product} {ergonomic}
     bool UseCompressedOops                        = true                                 {lp64_product} {ergonomic}
     bool UseG1GC                                  = true                                      {product} {ergonomic}

Logging:
Log output configuration:
 #0: stdout all=warning uptime,level,tags
 #1: stderr all=off uptime,level,tags

Environment Variables:
PATH=/usr/local/sbin:/usr/local/bin:/usr/sbin:/usr/bin:/sbin:/bin:/usr/games:/usr/local/games:/snap/bin
USERNAME=alberto
SHELL=/bin/bash
DISPLAY=:0

Signal Handlers:
SIGSEGV: [libjvm.so+0xde6480], sa_mask[0]=11111111011111111101111111111110, sa_flags=SA_RESTART|SA_SIGINFO
SIGBUS: [libjvm.so+0xde6480], sa_mask[0]=11111111011111111101111111111110, sa_flags=SA_RESTART|SA_SIGINFO
SIGFPE: [libjvm.so+0xde6480], sa_mask[0]=11111111011111111101111111111110, sa_flags=SA_RESTART|SA_SIGINFO
SIGPIPE: [libjvm.so+0xbbbc90], sa_mask[0]=11111111011111111101111111111110, sa_flags=SA_RESTART|SA_SIGINFO
SIGXFSZ: [libjvm.so+0xbbbc90], sa_mask[0]=11111111011111111101111111111110, sa_flags=SA_RESTART|SA_SIGINFO
SIGILL: [libjvm.so+0xde6480], sa_mask[0]=11111111011111111101111111111110, sa_flags=SA_RESTART|SA_SIGINFO
SIGUSR2: [libjvm.so+0xbbbb30], sa_mask[0]=00100000000000000000000000000000, sa_flags=SA_RESTART|SA_SIGINFO
SIGHUP: SIG_DFL, sa_mask[0]=00000000000000000000000000000000, sa_flags=none
SIGINT: SIG_DFL, sa_mask[0]=00000000000000000000000000000000, sa_flags=none
SIGTERM: SIG_DFL, sa_mask[0]=00000000000000000000000000000000, sa_flags=none
SIGQUIT: SIG_DFL, sa_mask[0]=00000000000000000000000000000000, sa_flags=none


---------------  S Y S T E M  ---------------

OS:DISTRIB_ID=Ubuntu
DISTRIB_RELEASE=18.04
DISTRIB_CODENAME=bionic
DISTRIB_DESCRIPTION="Ubuntu 18.04.2 LTS"
uname:Linux 4.18.0-18-generic #19~18.04.1-Ubuntu SMP Fri Apr 5 10:22:13 UTC 2019 x86_64
libc:glibc 2.27 NPTL 2.27 
rlimit: STACK 8192k, CORE 0k, NPROC 14305, NOFILE 4096, AS infinity, DATA infinity, FSIZE infinity
load average:0.50 0.61 0.53

/proc/meminfo:
MemTotal:        3706532 kB
MemFree:          107572 kB
MemAvailable:      23644 kB
Buffers:            1924 kB
Cached:           161624 kB
SwapCached:         8496 kB
Active:          2697216 kB
Inactive:         557820 kB
Active(anon):    2681140 kB
Inactive(anon):   536292 kB
Active(file):      16076 kB
Inactive(file):    21528 kB
Unevictable:          48 kB
Mlocked:              48 kB
SwapTotal:        581564 kB
SwapFree:              0 kB
Dirty:                88 kB
Writeback:             0 kB
AnonPages:       3083256 kB
Mapped:           148552 kB
Shmem:            125800 kB
Slab:              79348 kB
SReclaimable:      26656 kB
SUnreclaim:        52692 kB
KernelStack:       15216 kB
PageTables:        68600 kB
NFS_Unstable:          0 kB
Bounce:                0 kB
WritebackTmp:          0 kB
CommitLimit:     2434828 kB
Committed_AS:    9701632 kB
VmallocTotal:   34359738367 kB
VmallocUsed:           0 kB
VmallocChunk:          0 kB
HardwareCorrupted:     0 kB
AnonHugePages:         0 kB
ShmemHugePages:        0 kB
ShmemPmdMapped:        0 kB
CmaTotal:              0 kB
CmaFree:               0 kB
HugePages_Total:       0
HugePages_Free:        0
HugePages_Rsvd:        0
HugePages_Surp:        0
Hugepagesize:       2048 kB
Hugetlb:               0 kB
DirectMap4k:      287680 kB
DirectMap2M:     3569664 kB


/proc/sys/kernel/threads-max (system-wide limit on the number of threads):
28611


/proc/sys/vm/max_map_count (maximum number of memory map areas a process may have):
65530


/proc/sys/kernel/pid_max (system-wide limit on number of process identifiers):
32768



container (cgroup) information:
container_type: cgroupv1
cpu_cpuset_cpus: 0-1
cpu_memory_nodes: 0
active_processor_count: 2
cpu_quota: -1
cpu_period: 100000
cpu_shares: -1
memory_limit_in_bytes: -1
memory_and_swap_limit_in_bytes: -2
memory_soft_limit_in_bytes: -1
memory_usage_in_bytes: 3325313024
memory_max_usage_in_bytes: 121876480


CPU:total 2 (initial active 2) (2 cores per cpu, 1 threads per core) family 6 model 158 stepping 10, cmov, cx8, fxsr, mmx, sse, sse2, sse3, ssse3, sse4.1, sse4.2, popcnt, avx, avx2, aes, clmul, 3dnowpref, lzcnt, tsc, tscinvbit
CPU Model and flags from /proc/cpuinfo:
model name	: Intel(R) Core(TM) i7-8750H CPU @ 2.20GHz
flags		: fpu vme de pse tsc msr pae mce cx8 apic sep mtrr pge mca cmov pat pse36 clflush mmx fxsr sse sse2 ht syscall nx rdtscp lm constant_tsc rep_good nopl xtopology nonstop_tsc cpuid tsc_known_freq pni pclmulqdq ssse3 cx16 pcid sse4_1 sse4_2 x2apic movbe popcnt aes xsave avx rdrand hypervisor lahf_lm abm 3dnowprefetch invpcid_single pti fsgsbase avx2 invpcid rdseed clflushopt

Memory: 4k page, physical 3706532k(108076k free), swap 581564k(0k free)

vm_info: OpenJDK 64-Bit Server VM (11.0.2+9-Ubuntu-3ubuntu118.04.3) for linux-amd64 JRE (11.0.2+9-Ubuntu-3ubuntu118.04.3), built on Mar 26 2019 20:57:06 by "buildd" with gcc 7.3.0

END.
